<?xml version="1.0" encoding="UTF-8"?>
<robot generator="Robot 6.1a1 (Python 3.8.10 on linux)" generated="20230407 16:45:50.028" rpa="false" schemaversion="4">
<suite id="s1" name="Teardowns" source="/home/francieli/Documentos/Udemy-robot-framework-avancado/BuiltIn Avançado/Teardowns Avançados/teardowns.robot">
<test id="s1-t1" name="Exemplo 01: Teste lidando com Suite e Test Teardowns" line="7">
<kw name="Essa keyword fará o teste passar, não executando as keywords abaixo!">
<kw name="Pass Execution" library="BuiltIn">
<arg>message=Estou forçando meu teste a passar com sucesso!</arg>
<doc>Skips rest of the current test, setup, or teardown with PASS status.</doc>
<msg timestamp="20230407 16:45:50.059" level="INFO">Execution passed with message:
Estou forçando meu teste a passar com sucesso!</msg>
<status status="PASS" starttime="20230407 16:45:50.058" endtime="20230407 16:45:50.059"/>
</kw>
<status status="PASS" starttime="20230407 16:45:50.058" endtime="20230407 16:45:50.059"/>
</kw>
<kw name="Esse keyword vai passar sozinha!">
<status status="NOT RUN" starttime="20230407 16:45:50.059" endtime="20230407 16:45:50.060"/>
</kw>
<kw name="Essa keyword fará o teste falhar, não executando as keywords abaixo!">
<status status="NOT RUN" starttime="20230407 16:45:50.060" endtime="20230407 16:45:50.060"/>
</kw>
<kw name="Controlando o teardown do teste" type="TEARDOWN">
<kw name="Run Keyword If Test Passed" library="BuiltIn">
<arg>Log</arg>
<arg>Meu teste passou, não preciso apagar dados do banco de dados, por exemplo!</arg>
<doc>Runs the given keyword with the given arguments, if the test passed.</doc>
<kw name="Log" library="BuiltIn">
<arg>Meu teste passou, não preciso apagar dados do banco de dados, por exemplo!</arg>
<doc>Logs the given message with the given level.</doc>
<msg timestamp="20230407 16:45:50.062" level="INFO">Meu teste passou, não preciso apagar dados do banco de dados, por exemplo!</msg>
<status status="PASS" starttime="20230407 16:45:50.062" endtime="20230407 16:45:50.062"/>
</kw>
<status status="PASS" starttime="20230407 16:45:50.061" endtime="20230407 16:45:50.062"/>
</kw>
<kw name="Run Keyword If Test Failed" library="BuiltIn">
<arg>Log</arg>
<arg>Meu teste falhou, posso imprimir ou manter uma informação no banco de dados para analisar o erro, por exemplo!</arg>
<doc>Runs the given keyword with the given arguments, if the test failed.</doc>
<status status="PASS" starttime="20230407 16:45:50.062" endtime="20230407 16:45:50.063"/>
</kw>
<status status="PASS" starttime="20230407 16:45:50.060" endtime="20230407 16:45:50.063"/>
</kw>
<status status="PASS" starttime="20230407 16:45:50.056" endtime="20230407 16:45:50.063">Estou forçando meu teste a passar com sucesso!</status>
</test>
<test id="s1-t2" name="Exemplo 02: Teste lidando com Suite e Test Teardowns" line="12">
<kw name="Esse keyword vai passar sozinha!">
<kw name="Should Be True" library="BuiltIn">
<arg>"May" == "May"</arg>
<doc>Fails if the given condition is not true.</doc>
<status status="PASS" starttime="20230407 16:45:50.065" endtime="20230407 16:45:50.066"/>
</kw>
<status status="PASS" starttime="20230407 16:45:50.065" endtime="20230407 16:45:50.066"/>
</kw>
<kw name="Esse keyword vai passar sozinha!">
<kw name="Should Be True" library="BuiltIn">
<arg>"May" == "May"</arg>
<doc>Fails if the given condition is not true.</doc>
<status status="PASS" starttime="20230407 16:45:50.067" endtime="20230407 16:45:50.067"/>
</kw>
<status status="PASS" starttime="20230407 16:45:50.066" endtime="20230407 16:45:50.067"/>
</kw>
<kw name="Esse aqui também vai passar com uma condição e vai parar de executar as keywords abaixo!">
<kw name="Run Keyword And Return Status" library="BuiltIn">
<var>${STATUS}</var>
<arg>Should Be True</arg>
<arg>"May" == "May"</arg>
<doc>Runs the given keyword with given arguments and returns the status as a Boolean value.</doc>
<kw name="Should Be True" library="BuiltIn">
<arg>"May" == "May"</arg>
<doc>Fails if the given condition is not true.</doc>
<status status="PASS" starttime="20230407 16:45:50.068" endtime="20230407 16:45:50.069"/>
</kw>
<msg timestamp="20230407 16:45:50.069" level="INFO">${STATUS} = True</msg>
<status status="PASS" starttime="20230407 16:45:50.068" endtime="20230407 16:45:50.069"/>
</kw>
<kw name="Log" library="BuiltIn">
<arg>${STATUS}</arg>
<doc>Logs the given message with the given level.</doc>
<msg timestamp="20230407 16:45:50.070" level="INFO">True</msg>
<status status="PASS" starttime="20230407 16:45:50.069" endtime="20230407 16:45:50.070"/>
</kw>
<kw name="Pass Execution If" library="BuiltIn">
<arg>${STATUS}</arg>
<arg>message=May é igual a May, então passou!!</arg>
<doc>Conditionally skips rest of the current test, setup, or teardown with PASS status.</doc>
<msg timestamp="20230407 16:45:50.071" level="INFO">Execution passed with message:
message=May é igual a May, então passou!!</msg>
<status status="PASS" starttime="20230407 16:45:50.070" endtime="20230407 16:45:50.071"/>
</kw>
<status status="PASS" starttime="20230407 16:45:50.067" endtime="20230407 16:45:50.071"/>
</kw>
<kw name="Esse keyword vai passar sozinha!">
<status status="NOT RUN" starttime="20230407 16:45:50.071" endtime="20230407 16:45:50.071"/>
</kw>
<kw name="Esse keyword vai passar sozinha!">
<status status="NOT RUN" starttime="20230407 16:45:50.072" endtime="20230407 16:45:50.072"/>
</kw>
<kw name="Controlando o teardown do teste" type="TEARDOWN">
<kw name="Run Keyword If Test Passed" library="BuiltIn">
<arg>Log</arg>
<arg>Meu teste passou, não preciso apagar dados do banco de dados, por exemplo!</arg>
<doc>Runs the given keyword with the given arguments, if the test passed.</doc>
<kw name="Log" library="BuiltIn">
<arg>Meu teste passou, não preciso apagar dados do banco de dados, por exemplo!</arg>
<doc>Logs the given message with the given level.</doc>
<msg timestamp="20230407 16:45:50.074" level="INFO">Meu teste passou, não preciso apagar dados do banco de dados, por exemplo!</msg>
<status status="PASS" starttime="20230407 16:45:50.074" endtime="20230407 16:45:50.074"/>
</kw>
<status status="PASS" starttime="20230407 16:45:50.073" endtime="20230407 16:45:50.074"/>
</kw>
<kw name="Run Keyword If Test Failed" library="BuiltIn">
<arg>Log</arg>
<arg>Meu teste falhou, posso imprimir ou manter uma informação no banco de dados para analisar o erro, por exemplo!</arg>
<doc>Runs the given keyword with the given arguments, if the test failed.</doc>
<status status="PASS" starttime="20230407 16:45:50.074" endtime="20230407 16:45:50.075"/>
</kw>
<status status="PASS" starttime="20230407 16:45:50.072" endtime="20230407 16:45:50.075"/>
</kw>
<status status="PASS" starttime="20230407 16:45:50.064" endtime="20230407 16:45:50.075">message=May é igual a May, então passou!!</status>
</test>
<test id="s1-t3" name="Exemplo 03: Teste lidando com Suite e Test Teardowns" line="20">
<kw name="Esse keyword vai passar sozinha!">
<kw name="Should Be True" library="BuiltIn">
<arg>"May" == "May"</arg>
<doc>Fails if the given condition is not true.</doc>
<status status="PASS" starttime="20230407 16:45:50.078" endtime="20230407 16:45:50.078"/>
</kw>
<status status="PASS" starttime="20230407 16:45:50.077" endtime="20230407 16:45:50.078"/>
</kw>
<kw name="Essa keyword fará o teste falhar, não executando as keywords abaixo!">
<kw name="Fail" library="BuiltIn">
<arg>msg=Estou forçando meu teste a falhar!</arg>
<doc>Fails the test with the given message and optionally alters its tags.</doc>
<msg timestamp="20230407 16:45:50.080" level="FAIL">Estou forçando meu teste a falhar!</msg>
<status status="FAIL" starttime="20230407 16:45:50.079" endtime="20230407 16:45:50.080"/>
</kw>
<status status="FAIL" starttime="20230407 16:45:50.079" endtime="20230407 16:45:50.080"/>
</kw>
<kw name="Esse keyword vai passar sozinha!">
<status status="NOT RUN" starttime="20230407 16:45:50.081" endtime="20230407 16:45:50.081"/>
</kw>
<kw name="Esse keyword vai falhar sozinha!">
<status status="NOT RUN" starttime="20230407 16:45:50.081" endtime="20230407 16:45:50.081"/>
</kw>
<kw name="Controlando o teardown do teste" type="TEARDOWN">
<kw name="Run Keyword If Test Passed" library="BuiltIn">
<arg>Log</arg>
<arg>Meu teste passou, não preciso apagar dados do banco de dados, por exemplo!</arg>
<doc>Runs the given keyword with the given arguments, if the test passed.</doc>
<status status="PASS" starttime="20230407 16:45:50.083" endtime="20230407 16:45:50.083"/>
</kw>
<kw name="Run Keyword If Test Failed" library="BuiltIn">
<arg>Log</arg>
<arg>Meu teste falhou, posso imprimir ou manter uma informação no banco de dados para analisar o erro, por exemplo!</arg>
<doc>Runs the given keyword with the given arguments, if the test failed.</doc>
<kw name="Log" library="BuiltIn">
<arg>Meu teste falhou, posso imprimir ou manter uma informação no banco de dados para analisar o erro, por exemplo!</arg>
<doc>Logs the given message with the given level.</doc>
<msg timestamp="20230407 16:45:50.084" level="INFO">Meu teste falhou, posso imprimir ou manter uma informação no banco de dados para analisar o erro, por exemplo!</msg>
<status status="PASS" starttime="20230407 16:45:50.084" endtime="20230407 16:45:50.084"/>
</kw>
<status status="PASS" starttime="20230407 16:45:50.084" endtime="20230407 16:45:50.085"/>
</kw>
<status status="PASS" starttime="20230407 16:45:50.082" endtime="20230407 16:45:50.085"/>
</kw>
<status status="FAIL" starttime="20230407 16:45:50.076" endtime="20230407 16:45:50.085">Estou forçando meu teste a falhar!</status>
</test>
<test id="s1-t4" name="Exemplo 04: Teste lidando com Suite e Test Teardowns" line="26">
<kw name="Esse keyword vai falhar sozinha!">
<kw name="Should Be True" library="BuiltIn">
<arg>"May" == "João"</arg>
<doc>Fails if the given condition is not true.</doc>
<msg timestamp="20230407 16:45:50.089" level="FAIL">'"May" == "João"' should be true.</msg>
<status status="FAIL" starttime="20230407 16:45:50.089" endtime="20230407 16:45:50.090"/>
</kw>
<status status="FAIL" starttime="20230407 16:45:50.088" endtime="20230407 16:45:50.090"/>
</kw>
<kw name="Controlando o teardown do teste" type="TEARDOWN">
<kw name="Run Keyword If Test Passed" library="BuiltIn">
<arg>Log</arg>
<arg>Meu teste passou, não preciso apagar dados do banco de dados, por exemplo!</arg>
<doc>Runs the given keyword with the given arguments, if the test passed.</doc>
<status status="PASS" starttime="20230407 16:45:50.091" endtime="20230407 16:45:50.091"/>
</kw>
<kw name="Run Keyword If Test Failed" library="BuiltIn">
<arg>Log</arg>
<arg>Meu teste falhou, posso imprimir ou manter uma informação no banco de dados para analisar o erro, por exemplo!</arg>
<doc>Runs the given keyword with the given arguments, if the test failed.</doc>
<kw name="Log" library="BuiltIn">
<arg>Meu teste falhou, posso imprimir ou manter uma informação no banco de dados para analisar o erro, por exemplo!</arg>
<doc>Logs the given message with the given level.</doc>
<msg timestamp="20230407 16:45:50.092" level="INFO">Meu teste falhou, posso imprimir ou manter uma informação no banco de dados para analisar o erro, por exemplo!</msg>
<status status="PASS" starttime="20230407 16:45:50.092" endtime="20230407 16:45:50.092"/>
</kw>
<status status="PASS" starttime="20230407 16:45:50.092" endtime="20230407 16:45:50.092"/>
</kw>
<status status="PASS" starttime="20230407 16:45:50.090" endtime="20230407 16:45:50.092"/>
</kw>
<status status="FAIL" starttime="20230407 16:45:50.086" endtime="20230407 16:45:50.093">'"May" == "João"' should be true.</status>
</test>
<kw name="Controlando o teardown da suite" type="TEARDOWN">
<kw name="Run Keyword If All Tests Passed" library="BuiltIn">
<arg>Log</arg>
<arg>Todos os testes passaram, posso enviar um e-mail, por exemplo!</arg>
<doc>Runs the given keyword with the given arguments, if all tests passed.</doc>
<status status="PASS" starttime="20230407 16:45:50.094" endtime="20230407 16:45:50.095"/>
</kw>
<kw name="Run Keyword If Any Tests Failed" library="BuiltIn">
<arg>Log</arg>
<arg>Alguns testes falharam, posso enviar um e-mail, por exemplo!</arg>
<doc>Runs the given keyword with the given arguments, if one or more tests failed.</doc>
<kw name="Log" library="BuiltIn">
<arg>Alguns testes falharam, posso enviar um e-mail, por exemplo!</arg>
<doc>Logs the given message with the given level.</doc>
<msg timestamp="20230407 16:45:50.096" level="INFO">Alguns testes falharam, posso enviar um e-mail, por exemplo!</msg>
<status status="PASS" starttime="20230407 16:45:50.096" endtime="20230407 16:45:50.096"/>
</kw>
<status status="PASS" starttime="20230407 16:45:50.095" endtime="20230407 16:45:50.096"/>
</kw>
<status status="PASS" starttime="20230407 16:45:50.094" endtime="20230407 16:45:50.096"/>
</kw>
<status status="FAIL" starttime="20230407 16:45:50.029" endtime="20230407 16:45:50.096"/>
</suite>
<statistics>
<total>
<stat pass="2" fail="2" skip="0">All Tests</stat>
</total>
<tag>
</tag>
<suite>
<stat pass="2" fail="2" skip="0" id="s1" name="Teardowns">Teardowns</stat>
</suite>
</statistics>
<errors>
</errors>
</robot>
